#
# There is insufficient memory for the Java Runtime Environment to continue.
# Native memory allocation (malloc) failed to allocate 580112 bytes for Chunk::new
# Possible reasons:
#   The system is out of physical RAM or swap space
#   The process is running with CompressedOops enabled, and the Java Heap may be blocking the growth of the native heap
# Possible solutions:
#   Reduce memory load on the system
#   Increase physical memory or swap space
#   Check if swap backing store is full
#   Decrease Java heap size (-Xmx/-Xms)
#   Decrease number of Java threads
#   Decrease Java thread stack sizes (-Xss)
#   Set larger code cache with -XX:ReservedCodeCacheSize=
#   JVM is running with Zero Based Compressed Oops mode in which the Java heap is
#     placed in the first 32GB address space. The Java Heap base address is the
#     maximum limit for the native heap growth. Please use -XX:HeapBaseMinAddress
#     to set the Java Heap base and to place the Java Heap above 32GB virtual address.
# This output file may be truncated or incomplete.
#
#  Out of Memory Error (arena.cpp:195), pid=16140, tid=16132
#
# JRE version: OpenJDK Runtime Environment (16.0.1+9) (build 16.0.1+9-24)
# Java VM: OpenJDK 64-Bit Server VM (16.0.1+9-24, mixed mode, tiered, compressed oops, compressed class ptrs, g1 gc, windows-amd64)
# No core dump will be written. Minidumps are not enabled by default on client versions of Windows
#

---------------  S U M M A R Y ------------

Command Line: -Dfile.encoding=UTF-8 -XX:+ShowCodeDetailsInExceptionMessages br.com.bruno.locadora.LocadoraApplication

Host: Intel(R) Core(TM) i5-3230M CPU @ 2.60GHz, 4 cores, 11G,  Windows 10 , 64 bit Build 19041 (10.0.19041.1348)
Time: Fri Dec  3 14:32:55 2021 Hora oficial do Brasil elapsed time: 3.728270 seconds (0d 0h 0m 3s)

---------------  T H R E A D  ---------------

Current thread (0x00000177f54f84a0):  JavaThread "C2 CompilerThread0" daemon [_thread_in_native, id=16132, stack(0x00000034b3200000,0x00000034b3300000)]


Current CompileTask:
C2:   3728 1535       4       jdk.internal.loader.URLClassPath::getResource (74 bytes)

Stack: [0x00000034b3200000,0x00000034b3300000]
Native frames: (J=compiled Java code, j=interpreted, Vv=VM code, C=native code)
V  [jvm.dll+0x6687ca]
V  [jvm.dll+0x7ca3c9]
V  [jvm.dll+0x7cbb53]
V  [jvm.dll+0x7cc1b3]
V  [jvm.dll+0x242ea5]
V  [jvm.dll+0xadeca]
V  [jvm.dll+0xae5ac]
V  [jvm.dll+0x35af27]
V  [jvm.dll+0x3253d1]
V  [jvm.dll+0x32487a]
V  [jvm.dll+0x215f3c]
V  [jvm.dll+0x215350]
V  [jvm.dll+0x1a1d9b]
V  [jvm.dll+0x2253a8]
V  [jvm.dll+0x2233ec]
V  [jvm.dll+0x780002]
V  [jvm.dll+0x779b4a]
V  [jvm.dll+0x667666]
C  [ucrtbase.dll+0x21bb2]
C  [KERNEL32.DLL+0x17034]
C  [ntdll.dll+0x52651]


---------------  P R O C E S S  ---------------

Threads class SMR info:
_java_thread_list=0x00000177f74d1b70, length=14, elements={
0x00000177d99243d0, 0x00000177f54e0010, 0x00000177f54e1150, 0x00000177f54f1880,
0x00000177f54f32a0, 0x00000177f54f6cc0, 0x00000177f54f76c0, 0x00000177f54f84a0,
0x00000177f54f9770, 0x00000177f6098490, 0x00000177f619e8d0, 0x00000177f61a9a20,
0x00000177f7457930, 0x00000177f74d5380
}

Java Threads: ( => current thread )
  0x00000177d99243d0 JavaThread "main" [_thread_in_vm, id=15944, stack(0x00000034b2500000,0x00000034b2600000)]
  0x00000177f54e0010 JavaThread "Reference Handler" daemon [_thread_blocked, id=16176, stack(0x00000034b2c00000,0x00000034b2d00000)]
  0x00000177f54e1150 JavaThread "Finalizer" daemon [_thread_blocked, id=16184, stack(0x00000034b2d00000,0x00000034b2e00000)]
  0x00000177f54f1880 JavaThread "Signal Dispatcher" daemon [_thread_blocked, id=16180, stack(0x00000034b2e00000,0x00000034b2f00000)]
  0x00000177f54f32a0 JavaThread "Attach Listener" daemon [_thread_blocked, id=16168, stack(0x00000034b2f00000,0x00000034b3000000)]
  0x00000177f54f6cc0 JavaThread "Service Thread" daemon [_thread_blocked, id=16104, stack(0x00000034b3000000,0x00000034b3100000)]
  0x00000177f54f76c0 JavaThread "Monitor Deflation Thread" daemon [_thread_blocked, id=16144, stack(0x00000034b3100000,0x00000034b3200000)]
=>0x00000177f54f84a0 JavaThread "C2 CompilerThread0" daemon [_thread_in_native, id=16132, stack(0x00000034b3200000,0x00000034b3300000)]
  0x00000177f54f9770 JavaThread "C1 CompilerThread0" daemon [_thread_blocked, id=16000, stack(0x00000034b3300000,0x00000034b3400000)]
  0x00000177f6098490 JavaThread "Sweeper thread" daemon [_thread_blocked, id=16128, stack(0x00000034b3400000,0x00000034b3500000)]
  0x00000177f619e8d0 JavaThread "Notification Thread" daemon [_thread_blocked, id=16028, stack(0x00000034b3500000,0x00000034b3600000)]
  0x00000177f61a9a20 JavaThread "Common-Cleaner" daemon [_thread_blocked, id=16220, stack(0x00000034b3700000,0x00000034b3800000)]
  0x00000177f7457930 JavaThread "C2 CompilerThread1" daemon [_thread_blocked, id=16204, stack(0x00000034b3800000,0x00000034b3900000)]
  0x00000177f74d5380 JavaThread "background-preinit" [_thread_in_vm, id=16192, stack(0x00000034b3d00000,0x00000034b3e00000)]

Other Threads:
  0x00000177f54cb9d0 VMThread "VM Thread" [stack: 0x00000034b2b00000,0x00000034b2c00000] [id=16004]
  0x00000177f619edf0 WatcherThread [stack: 0x00000034b3600000,0x00000034b3700000] [id=11136]
  0x00000177d9968350 GCTaskThread "GC Thread#0" [stack: 0x00000034b2600000,0x00000034b2700000] [id=15988]
  0x00000177f65ff5a0 GCTaskThread "GC Thread#1" [stack: 0x00000034b3900000,0x00000034b3a00000] [id=16216]
  0x00000177f65fa830 GCTaskThread "GC Thread#2" [stack: 0x00000034b3a00000,0x00000034b3b00000] [id=16016]
  0x00000177f65fab40 GCTaskThread "GC Thread#3" [stack: 0x00000034b3b00000,0x00000034b3c00000] [id=16136]
  0x00000177d9975310 ConcurrentGCThread "G1 Main Marker" [stack: 0x00000034b2700000,0x00000034b2800000] [id=15920]
  0x00000177d99765a0 ConcurrentGCThread "G1 Conc#0" [stack: 0x00000034b2800000,0x00000034b2900000] [id=15892]
  0x00000177f5320090 ConcurrentGCThread "G1 Refine#0" [stack: 0x00000034b2900000,0x00000034b2a00000] [id=16212]
  0x00000177f7447a90 ConcurrentGCThread "G1 Refine#1" [stack: 0x00000034b3c00000,0x00000034b3d00000] [id=16120]
  0x00000177d99feab0 ConcurrentGCThread "G1 Service" [stack: 0x00000034b2a00000,0x00000034b2b00000] [id=16208]

Threads with active compile tasks:
C2 CompilerThread0     4016 1535       4       jdk.internal.loader.URLClassPath::getResource (74 bytes)

VM state: not at safepoint (normal execution)

VM Mutex/Monitor currently owned by a thread:  ([mutex/lock_event])
[0x00000177d991eb50] MetaspaceExpand_lock - owner thread: 0x00000177f74d5380

Heap address: 0x0000000741800000, size: 3048 MB, Compressed Oops mode: Zero based, Oop shift amount: 3

CDS disabled.
Compressed class space mapped at: 0x0000000800000000-0x0000000840000000, reserved size: 1073741824
Narrow klass base: 0x0000000800000000, Narrow klass shift: 0, Narrow klass range: 0x40000000

GC Precious Log:
 CPUs: 4 total, 4 available
 Memory: 12185M
 Large Page Support: Disabled
 NUMA Support: Disabled
 Compressed Oops: Enabled (Zero based)
 Heap Region Size: 2M
 Heap Min Capacity: 8M
 Heap Initial Capacity: 192M
 Heap Max Capacity: 3048M
 Pre-touch: Disabled
 Parallel Workers: 4
 Concurrent Workers: 1
 Concurrent Refinement Workers: 4
 Periodic GC: Disabled

Heap:
 garbage-first heap   total 196608K, used 20165K [0x0000000741800000, 0x0000000800000000)
  region size 2048K, 9 young (18432K), 1 survivors (2048K)
 Metaspace       used 17198K, committed 17344K, reserved 1064960K
  class space    used 1794K, committed 1856K, reserved 1048576K

Heap Regions: E=young(eden), S=young(survivor), O=old, HS=humongous(starts), HC=humongous(continues), CS=collection set, F=free, OA=open archive, CA=closed archive, TAMS=top-at-mark-start (previous, next)
|   0|0x0000000741800000, 0x0000000741a00000, 0x0000000741a00000|100%| O|  |TAMS 0x0000000741800000, 0x0000000741800000| Untracked 
|   1|0x0000000741a00000, 0x0000000741c00000, 0x0000000741c00000|100%| O|  |TAMS 0x0000000741a00000, 0x0000000741a00000| Untracked 
|   2|0x0000000741c00000, 0x0000000741d21c00, 0x0000000741e00000| 56%| O|  |TAMS 0x0000000741c00000, 0x0000000741c00000| Untracked 
|   3|0x0000000741e00000, 0x0000000741e00000, 0x0000000742000000|  0%| F|  |TAMS 0x0000000741e00000, 0x0000000741e00000| Untracked 
|   4|0x0000000742000000, 0x0000000742000000, 0x0000000742200000|  0%| F|  |TAMS 0x0000000742000000, 0x0000000742000000| Untracked 
|   5|0x0000000742200000, 0x0000000742200000, 0x0000000742400000|  0%| F|  |TAMS 0x0000000742200000, 0x0000000742200000| Untracked 
|   6|0x0000000742400000, 0x0000000742400000, 0x0000000742600000|  0%| F|  |TAMS 0x0000000742400000, 0x0000000742400000| Untracked 
|   7|0x0000000742600000, 0x0000000742600000, 0x0000000742800000|  0%| F|  |TAMS 0x0000000742600000, 0x0000000742600000| Untracked 
|   8|0x0000000742800000, 0x0000000742800000, 0x0000000742a00000|  0%| F|  |TAMS 0x0000000742800000, 0x0000000742800000| Untracked 
|   9|0x0000000742a00000, 0x0000000742a00000, 0x0000000742c00000|  0%| F|  |TAMS 0x0000000742a00000, 0x0000000742a00000| Untracked 
|  10|0x0000000742c00000, 0x0000000742c00000, 0x0000000742e00000|  0%| F|  |TAMS 0x0000000742c00000, 0x0000000742c00000| Untracked 
|  11|0x0000000742e00000, 0x0000000742e00000, 0x0000000743000000|  0%| F|  |TAMS 0x0000000742e00000, 0x0000000742e00000| Untracked 
|  12|0x0000000743000000, 0x0000000743000000, 0x0000000743200000|  0%| F|  |TAMS 0x0000000743000000, 0x0000000743000000| Untracked 
|  13|0x0000000743200000, 0x0000000743200000, 0x0000000743400000|  0%| F|  |TAMS 0x0000000743200000, 0x0000000743200000| Untracked 
|  14|0x0000000743400000, 0x0000000743400000, 0x0000000743600000|  0%| F|  |TAMS 0x0000000743400000, 0x0000000743400000| Untracked 
|  15|0x0000000743600000, 0x0000000743600000, 0x0000000743800000|  0%| F|  |TAMS 0x0000000743600000, 0x0000000743600000| Untracked 
|  16|0x0000000743800000, 0x0000000743800000, 0x0000000743a00000|  0%| F|  |TAMS 0x0000000743800000, 0x0000000743800000| Untracked 
|  17|0x0000000743a00000, 0x0000000743a00000, 0x0000000743c00000|  0%| F|  |TAMS 0x0000000743a00000, 0x0000000743a00000| Untracked 
|  18|0x0000000743c00000, 0x0000000743c00000, 0x0000000743e00000|  0%| F|  |TAMS 0x0000000743c00000, 0x0000000743c00000| Untracked 
|  19|0x0000000743e00000, 0x0000000743e00000, 0x0000000744000000|  0%| F|  |TAMS 0x0000000743e00000, 0x0000000743e00000| Untracked 
|  20|0x0000000744000000, 0x0000000744000000, 0x0000000744200000|  0%| F|  |TAMS 0x0000000744000000, 0x0000000744000000| Untracked 
|  21|0x0000000744200000, 0x0000000744200000, 0x0000000744400000|  0%| F|  |TAMS 0x0000000744200000, 0x0000000744200000| Untracked 
|  22|0x0000000744400000, 0x0000000744400000, 0x0000000744600000|  0%| F|  |TAMS 0x0000000744400000, 0x0000000744400000| Untracked 
|  23|0x0000000744600000, 0x0000000744600000, 0x0000000744800000|  0%| F|  |TAMS 0x0000000744600000, 0x0000000744600000| Untracked 
|  24|0x0000000744800000, 0x0000000744800000, 0x0000000744a00000|  0%| F|  |TAMS 0x0000000744800000, 0x0000000744800000| Untracked 
|  25|0x0000000744a00000, 0x0000000744a00000, 0x0000000744c00000|  0%| F|  |TAMS 0x0000000744a00000, 0x0000000744a00000| Untracked 
|  26|0x0000000744c00000, 0x0000000744c00000, 0x0000000744e00000|  0%| F|  |TAMS 0x0000000744c00000, 0x0000000744c00000| Untracked 
|  27|0x0000000744e00000, 0x0000000744e00000, 0x0000000745000000|  0%| F|  |TAMS 0x0000000744e00000, 0x0000000744e00000| Untracked 
|  28|0x0000000745000000, 0x0000000745000000, 0x0000000745200000|  0%| F|  |TAMS 0x0000000745000000, 0x0000000745000000| Untracked 
|  29|0x0000000745200000, 0x0000000745200000, 0x0000000745400000|  0%| F|  |TAMS 0x0000000745200000, 0x0000000745200000| Untracked 
|  30|0x0000000745400000, 0x0000000745400000, 0x0000000745600000|  0%| F|  |TAMS 0x0000000745400000, 0x0000000745400000| Untracked 
|  31|0x0000000745600000, 0x0000000745600000, 0x0000000745800000|  0%| F|  |TAMS 0x0000000745600000, 0x0000000745600000| Untracked 
|  32|0x0000000745800000, 0x0000000745800000, 0x0000000745a00000|  0%| F|  |TAMS 0x0000000745800000, 0x0000000745800000| Untracked 
|  33|0x0000000745a00000, 0x0000000745a00000, 0x0000000745c00000|  0%| F|  |TAMS 0x0000000745a00000, 0x0000000745a00000| Untracked 
|  34|0x0000000745c00000, 0x0000000745c00000, 0x0000000745e00000|  0%| F|  |TAMS 0x0000000745c00000, 0x0000000745c00000| Untracked 
|  35|0x0000000745e00000, 0x0000000745e00000, 0x0000000746000000|  0%| F|  |TAMS 0x0000000745e00000, 0x0000000745e00000| Untracked 
|  36|0x0000000746000000, 0x0000000746000000, 0x0000000746200000|  0%| F|  |TAMS 0x0000000746000000, 0x0000000746000000| Untracked 
|  37|0x0000000746200000, 0x0000000746200000, 0x0000000746400000|  0%| F|  |TAMS 0x0000000746200000, 0x0000000746200000| Untracked 
|  38|0x0000000746400000, 0x0000000746400000, 0x0000000746600000|  0%| F|  |TAMS 0x0000000746400000, 0x0000000746400000| Untracked 
|  39|0x0000000746600000, 0x0000000746600000, 0x0000000746800000|  0%| F|  |TAMS 0x0000000746600000, 0x0000000746600000| Untracked 
|  40|0x0000000746800000, 0x0000000746800000, 0x0000000746a00000|  0%| F|  |TAMS 0x0000000746800000, 0x0000000746800000| Untracked 
|  41|0x0000000746a00000, 0x0000000746a00000, 0x0000000746c00000|  0%| F|  |TAMS 0x0000000746a00000, 0x0000000746a00000| Untracked 
|  42|0x0000000746c00000, 0x0000000746c00000, 0x0000000746e00000|  0%| F|  |TAMS 0x0000000746c00000, 0x0000000746c00000| Untracked 
|  43|0x0000000746e00000, 0x0000000746e00000, 0x0000000747000000|  0%| F|  |TAMS 0x0000000746e00000, 0x0000000746e00000| Untracked 
|  44|0x0000000747000000, 0x0000000747000000, 0x0000000747200000|  0%| F|  |TAMS 0x0000000747000000, 0x0000000747000000| Untracked 
|  45|0x0000000747200000, 0x0000000747200000, 0x0000000747400000|  0%| F|  |TAMS 0x0000000747200000, 0x0000000747200000| Untracked 
|  46|0x0000000747400000, 0x0000000747400000, 0x0000000747600000|  0%| F|  |TAMS 0x0000000747400000, 0x0000000747400000| Untracked 
|  47|0x0000000747600000, 0x0000000747600000, 0x0000000747800000|  0%| F|  |TAMS 0x0000000747600000, 0x0000000747600000| Untracked 
|  48|0x0000000747800000, 0x0000000747800000, 0x0000000747a00000|  0%| F|  |TAMS 0x0000000747800000, 0x0000000747800000| Untracked 
|  49|0x0000000747a00000, 0x0000000747a00000, 0x0000000747c00000|  0%| F|  |TAMS 0x0000000747a00000, 0x0000000747a00000| Untracked 
|  50|0x0000000747c00000, 0x0000000747c00000, 0x0000000747e00000|  0%| F|  |TAMS 0x0000000747c00000, 0x0000000747c00000| Untracked 
|  51|0x0000000747e00000, 0x0000000747e00000, 0x0000000748000000|  0%| F|  |TAMS 0x0000000747e00000, 0x0000000747e00000| Untracked 
|  52|0x0000000748000000, 0x0000000748000000, 0x0000000748200000|  0%| F|  |TAMS 0x0000000748000000, 0x0000000748000000| Untracked 
|  53|0x0000000748200000, 0x0000000748200000, 0x0000000748400000|  0%| F|  |TAMS 0x0000000748200000, 0x0000000748200000| Untracked 
|  54|0x0000000748400000, 0x0000000748400000, 0x0000000748600000|  0%| F|  |TAMS 0x0000000748400000, 0x0000000748400000| Untracked 
|  55|0x0000000748600000, 0x0000000748600000, 0x0000000748800000|  0%| F|  |TAMS 0x0000000748600000, 0x0000000748600000| Untracked 
|  56|0x0000000748800000, 0x0000000748800000, 0x0000000748a00000|  0%| F|  |TAMS 0x0000000748800000, 0x0000000748800000| Untracked 
|  57|0x0000000748a00000, 0x0000000748a00000, 0x0000000748c00000|  0%| F|  |TAMS 0x0000000748a00000, 0x0000000748a00000| Untracked 
|  58|0x0000000748c00000, 0x0000000748c00000, 0x0000000748e00000|  0%| F|  |TAMS 0x0000000748c00000, 0x0000000748c00000| Untracked 
|  59|0x0000000748e00000, 0x0000000748e00000, 0x0000000749000000|  0%| F|  |TAMS 0x0000000748e00000, 0x0000000748e00000| Untracked 
|  60|0x0000000749000000, 0x0000000749000000, 0x0000000749200000|  0%| F|  |TAMS 0x0000000749000000, 0x0000000749000000| Untracked 
|  61|0x0000000749200000, 0x0000000749200000, 0x0000000749400000|  0%| F|  |TAMS 0x0000000749200000, 0x0000000749200000| Untracked 
|  62|0x0000000749400000, 0x0000000749400000, 0x0000000749600000|  0%| F|  |TAMS 0x0000000749400000, 0x0000000749400000| Untracked 
|  63|0x0000000749600000, 0x0000000749600000, 0x0000000749800000|  0%| F|  |TAMS 0x0000000749600000, 0x0000000749600000| Untracked 
|  64|0x0000000749800000, 0x0000000749800000, 0x0000000749a00000|  0%| F|  |TAMS 0x0000000749800000, 0x0000000749800000| Untracked 
|  65|0x0000000749a00000, 0x0000000749a00000, 0x0000000749c00000|  0%| F|  |TAMS 0x0000000749a00000, 0x0000000749a00000| Untracked 
|  66|0x0000000749c00000, 0x0000000749c00000, 0x0000000749e00000|  0%| F|  |TAMS 0x0000000749c00000, 0x0000000749c00000| Untracked 
|  67|0x0000000749e00000, 0x0000000749e00000, 0x000000074a000000|  0%| F|  |TAMS 0x0000000749e00000, 0x0000000749e00000| Untracked 
|  68|0x000000074a000000, 0x000000074a000000, 0x000000074a200000|  0%| F|  |TAMS 0x000000074a000000, 0x000000074a000000| Untracked 
|  69|0x000000074a200000, 0x000000074a200000, 0x000000074a400000|  0%| F|  |TAMS 0x000000074a200000, 0x000000074a200000| Untracked 
|  70|0x000000074a400000, 0x000000074a400000, 0x000000074a600000|  0%| F|  |TAMS 0x000000074a400000, 0x000000074a400000| Untracked 
|  71|0x000000074a600000, 0x000000074a600000, 0x000000074a800000|  0%| F|  |TAMS 0x000000074a600000, 0x000000074a600000| Untracked 
|  72|0x000000074a800000, 0x000000074a800000, 0x000000074aa00000|  0%| F|  |TAMS 0x000000074a800000, 0x000000074a800000| Untracked 
|  73|0x000000074aa00000, 0x000000074aa00000, 0x000000074ac00000|  0%| F|  |TAMS 0x000000074aa00000, 0x000000074aa00000| Untracked 
|  74|0x000000074ac00000, 0x000000074ac00000, 0x000000074ae00000|  0%| F|  |TAMS 0x000000074ac00000, 0x000000074ac00000| Untracked 
|  75|0x000000074ae00000, 0x000000074ae00000, 0x000000074b000000|  0%| F|  |TAMS 0x000000074ae00000, 0x000000074ae00000| Untracked 
|  76|0x000000074b000000, 0x000000074b000000, 0x000000074b200000|  0%| F|  |TAMS 0x000000074b000000, 0x000000074b000000| Untracked 
|  77|0x000000074b200000, 0x000000074b200000, 0x000000074b400000|  0%| F|  |TAMS 0x000000074b200000, 0x000000074b200000| Untracked 
|  78|0x000000074b400000, 0x000000074b400000, 0x000000074b600000|  0%| F|  |TAMS 0x000000074b400000, 0x000000074b400000| Untracked 
|  79|0x000000074b600000, 0x000000074b600000, 0x000000074b800000|  0%| F|  |TAMS 0x000000074b600000, 0x000000074b600000| Untracked 
|  80|0x000000074b800000, 0x000000074b800000, 0x000000074ba00000|  0%| F|  |TAMS 0x000000074b800000, 0x000000074b800000| Untracked 
|  81|0x000000074ba00000, 0x000000074ba00000, 0x000000074bc00000|  0%| F|  |TAMS 0x000000074ba00000, 0x000000074ba00000| Untracked 
|  82|0x000000074bc00000, 0x000000074bc00000, 0x000000074be00000|  0%| F|  |TAMS 0x000000074bc00000, 0x000000074bc00000| Untracked 
|  83|0x000000074be00000, 0x000000074be00000, 0x000000074c000000|  0%| F|  |TAMS 0x000000074be00000, 0x000000074be00000| Untracked 
|  84|0x000000074c000000, 0x000000074c000000, 0x000000074c200000|  0%| F|  |TAMS 0x000000074c000000, 0x000000074c000000| Untracked 
|  85|0x000000074c200000, 0x000000074c200000, 0x000000074c400000|  0%| F|  |TAMS 0x000000074c200000, 0x000000074c200000| Untracked 
|  86|0x000000074c400000, 0x000000074c400000, 0x000000074c600000|  0%| F|  |TAMS 0x000000074c400000, 0x000000074c400000| Untracked 
|  87|0x000000074c600000, 0x000000074c708170, 0x000000074c800000| 51%| E|  |TAMS 0x000000074c600000, 0x000000074c600000| Complete 
|  88|0x000000074c800000, 0x000000074ca00000, 0x000000074ca00000|100%| E|CS|TAMS 0x000000074c800000, 0x000000074c800000| Complete 
|  89|0x000000074ca00000, 0x000000074cc00000, 0x000000074cc00000|100%| E|CS|TAMS 0x000000074ca00000, 0x000000074ca00000| Complete 
|  90|0x000000074cc00000, 0x000000074ce00000, 0x000000074ce00000|100%| E|CS|TAMS 0x000000074cc00000, 0x000000074cc00000| Complete 
|  91|0x000000074ce00000, 0x000000074d000000, 0x000000074d000000|100%| E|CS|TAMS 0x000000074ce00000, 0x000000074ce00000| Complete 
|  92|0x000000074d000000, 0x000000074d08fb30, 0x000000074d200000| 28%| S|CS|TAMS 0x000000074d000000, 0x000000074d000000| Complete 
|  93|0x000000074d200000, 0x000000074d400000, 0x000000074d400000|100%| E|CS|TAMS 0x000000074d200000, 0x000000074d200000| Complete 
|  94|0x000000074d400000, 0x000000074d600000, 0x000000074d600000|100%| E|CS|TAMS 0x000000074d400000, 0x000000074d400000| Complete 
|  95|0x000000074d600000, 0x000000074d800000, 0x000000074d800000|100%| E|CS|TAMS 0x000000074d600000, 0x000000074d600000| Complete 

Card table byte_map: [0x00000177ec490000,0x00000177eca90000] _byte_map_base: 0x00000177e8a84000

Marking Bits (Prev, Next): (CMBitMap*) 0x00000177d9968a40, (CMBitMap*) 0x00000177d9968a80
 Prev Bits: [0x00000177ed090000, 0x00000177f0030000)
 Next Bits: [0x00000177f0030000, 0x00000177f2fd0000)

Polling page: 0x00000177d9100000

Metaspace:

Usage:
  Non-class:     15.04 MB used.
      Class:      1.75 MB used.
       Both:     16.80 MB used.

Virtual space:
  Non-class space:       16.00 MB reserved,      15.12 MB ( 95%) committed,  2 nodes.
      Class space:        1.00 GB reserved,       1.81 MB ( <1%) committed,  1 nodes.
              Both:        1.02 GB reserved,      16.94 MB (  2%) committed. 

Chunk freelists:
   Non-Class:  30.00 KB
       Class:  2.20 MB
        Both:  2.23 MB

MaxMetaspaceSize: 17179869184.00 GB
CompressedClassSpaceSize: 1.00 GB
 - commit_granule_bytes: 65536.
 - commit_granule_words: 8192.
 - virtual_space_node_default_size: 1048576.
 - enlarge_chunks_in_place: 1.
 - new_chunks_are_fully_committed: 0.
 - uncommit_free_chunks: 1.
 - use_allocation_guard: 0.
 - handle_deallocations: 1.


Internal statistics:

num_allocs_failed_limit: 0.
num_arena_births: 142.
num_arena_deaths: 0.
num_vsnodes_births: 3.
num_vsnodes_deaths: 0.
num_space_committed: 271.
num_space_uncommitted: 0.
num_chunks_returned_to_freelist: 0.
num_chunks_taken_from_freelist: 412.
num_chunk_merges: 0.
num_chunk_splits: 250.
num_chunks_enlarged: 182.
num_purges: 0.

CodeHeap 'non-profiled nmethods': size=120000Kb used=525Kb max_used=525Kb free=119474Kb
 bounds [0x00000177e4960000, 0x00000177e4bd0000, 0x00000177ebe90000]
CodeHeap 'profiled nmethods': size=120000Kb used=2880Kb max_used=2880Kb free=117120Kb
 bounds [0x00000177dd430000, 0x00000177dd700000, 0x00000177e4960000]
CodeHeap 'non-nmethods': size=5760Kb used=1153Kb max_used=1178Kb free=4606Kb
 bounds [0x00000177dce90000, 0x00000177dd100000, 0x00000177dd430000]
 total_blobs=1976 nmethods=1537 adapters=352
 compilation: enabled
              stopped_count=0, restarted_count=0
 full_count=0

Compilation events (20 events):
Event: 3.454 Thread 0x00000177f54f9770 1528       3       java.util.BitSet::wordIndex (5 bytes)
Event: 3.454 Thread 0x00000177f54f9770 nmethod 1528 0x00000177dd6fcb10 code [0x00000177dd6fcca0, 0x00000177dd6fcd98]
Event: 3.454 Thread 0x00000177f54f9770 1529       3       java.util.BitSet::checkInvariants (111 bytes)
Event: 3.454 Thread 0x00000177f54f9770 nmethod 1529 0x00000177dd6fce10 code [0x00000177dd6fcfa0, 0x00000177dd6fd0d8]
Event: 3.454 Thread 0x00000177f54f9770 1530       3       java.util.BitSet::get (69 bytes)
Event: 3.456 Thread 0x00000177f54f9770 nmethod 1530 0x00000177dd6fd190 code [0x00000177dd6fd3e0, 0x00000177dd6fdbe8]
Event: 3.459 Thread 0x00000177f54f9770 1531       3       java.util.LinkedHashMap::get (29 bytes)
Event: 3.460 Thread 0x00000177f54f9770 nmethod 1531 0x00000177dd6fdf10 code [0x00000177dd6fe0e0, 0x00000177dd6fe398]
Event: 3.460 Thread 0x00000177f54f9770 1532       3       java.util.LinkedHashMap::afterNodeInsertion (40 bytes)
Event: 3.461 Thread 0x00000177f54f9770 nmethod 1532 0x00000177dd6fe490 code [0x00000177dd6fe660, 0x00000177dd6feae8]
Event: 3.462 Thread 0x00000177f54f84a0 1533 %     4       java.util.jar.Manifest$FastInputStream::readLine @ 86 (296 bytes)
Event: 3.463 Thread 0x00000177f54f9770 1534       3       java.lang.StringCoding::decodeUTF8 (45 bytes)
Event: 3.463 Thread 0x00000177f54f9770 nmethod 1534 0x00000177dd6fec90 code [0x00000177dd6fee80, 0x00000177dd6ff358]
Event: 3.486 Thread 0x00000177f54f84a0 nmethod 1533% 0x00000177e49dc610 code [0x00000177e49dc7e0, 0x00000177e49dcf78]
Event: 3.500 Thread 0x00000177f54f84a0 1535       4       jdk.internal.loader.URLClassPath::getResource (74 bytes)
Event: 3.512 Thread 0x00000177f54f9770 1537       3       ch.qos.logback.classic.util.LoggerNameUtil::getSeparatorIndexOf (53 bytes)
Event: 3.513 Thread 0x00000177f54f9770 nmethod 1537 0x00000177dd6ff510 code [0x00000177dd6ff740, 0x00000177dd6ffe18]
Event: 3.566 Thread 0x00000177f7457930 nmethod 1496 0x00000177e49dd790 code [0x00000177e49ddb00, 0x00000177e49e0800]
Event: 3.566 Thread 0x00000177f7457930 1536       4       java.lang.String::regionMatches (150 bytes)
Event: 3.588 Thread 0x00000177f7457930 nmethod 1536 0x00000177e49e2590 code [0x00000177e49e2760, 0x00000177e49e2f58]

GC Heap History (4 events):
Event: 1.702 GC heap before
{Heap before GC invocations=0 (full 0):
 garbage-first heap   total 196608K, used 10240K [0x0000000741800000, 0x0000000800000000)
  region size 2048K, 6 young (12288K), 0 survivors (0K)
 Metaspace       used 9715K, committed 9920K, reserved 1064960K
  class space    used 846K, committed 960K, reserved 1048576K
}
Event: 1.718 GC heap after
{Heap after GC invocations=1 (full 0):
 garbage-first heap   total 196608K, used 5130K [0x0000000741800000, 0x0000000800000000)
  region size 2048K, 1 young (2048K), 1 survivors (2048K)
 Metaspace       used 9715K, committed 9920K, reserved 1064960K
  class space    used 846K, committed 960K, reserved 1048576K
}
Event: 2.325 GC heap before
{Heap before GC invocations=1 (full 0):
 garbage-first heap   total 196608K, used 11274K [0x0000000741800000, 0x0000000800000000)
  region size 2048K, 4 young (8192K), 1 survivors (2048K)
 Metaspace       used 12184K, committed 12352K, reserved 1064960K
  class space    used 1173K, committed 1216K, reserved 1048576K
}
Event: 2.330 GC heap after
{Heap after GC invocations=2 (full 0):
 garbage-first heap   total 196608K, used 5829K [0x0000000741800000, 0x0000000800000000)
  region size 2048K, 1 young (2048K), 1 survivors (2048K)
 Metaspace       used 12184K, committed 12352K, reserved 1064960K
  class space    used 1173K, committed 1216K, reserved 1048576K
}

Deoptimization events (20 events):
Event: 3.058 Thread 0x00000177d99243d0 DEOPT PACKING pc=0x00000177e49cafb4 sp=0x00000034b25fd600
Event: 3.058 Thread 0x00000177d99243d0 DEOPT UNPACKING pc=0x00000177dcedd72e sp=0x00000034b25fd588 mode 2
Event: 3.058 Thread 0x00000177d99243d0 Uncommon trap: trap_request=0xffffffde fr.pc=0x00000177e49cafb4 relative=0x0000000000000114
Event: 3.058 Thread 0x00000177d99243d0 Uncommon trap: reason=class_check action=maybe_recompile pc=0x00000177e49cafb4 method=jdk.internal.misc.Unsafe.allocateUninitializedArray(Ljava/lang/Class;I)Ljava/lang/Object; @ 51 c2
Event: 3.058 Thread 0x00000177d99243d0 DEOPT PACKING pc=0x00000177e49cafb4 sp=0x00000034b25fd200
Event: 3.058 Thread 0x00000177d99243d0 DEOPT UNPACKING pc=0x00000177dcedd72e sp=0x00000034b25fd188 mode 2
Event: 3.060 Thread 0x00000177d99243d0 Uncommon trap: trap_request=0xffffffde fr.pc=0x00000177e49cafb4 relative=0x0000000000000114
Event: 3.060 Thread 0x00000177d99243d0 Uncommon trap: reason=class_check action=maybe_recompile pc=0x00000177e49cafb4 method=jdk.internal.misc.Unsafe.allocateUninitializedArray(Ljava/lang/Class;I)Ljava/lang/Object; @ 51 c2
Event: 3.060 Thread 0x00000177d99243d0 DEOPT PACKING pc=0x00000177e49cafb4 sp=0x00000034b25fd7f0
Event: 3.060 Thread 0x00000177d99243d0 DEOPT UNPACKING pc=0x00000177dcedd72e sp=0x00000034b25fd778 mode 2
Event: 3.061 Thread 0x00000177d99243d0 Uncommon trap: trap_request=0xffffffde fr.pc=0x00000177e49cafb4 relative=0x0000000000000114
Event: 3.061 Thread 0x00000177d99243d0 Uncommon trap: reason=class_check action=maybe_recompile pc=0x00000177e49cafb4 method=jdk.internal.misc.Unsafe.allocateUninitializedArray(Ljava/lang/Class;I)Ljava/lang/Object; @ 51 c2
Event: 3.061 Thread 0x00000177d99243d0 DEOPT PACKING pc=0x00000177e49cafb4 sp=0x00000034b25fd3f0
Event: 3.061 Thread 0x00000177d99243d0 DEOPT UNPACKING pc=0x00000177dcedd72e sp=0x00000034b25fd378 mode 2
Event: 3.217 Thread 0x00000177d99243d0 Uncommon trap: trap_request=0xffffff45 fr.pc=0x00000177e49b2450 relative=0x0000000000000e30
Event: 3.217 Thread 0x00000177d99243d0 Uncommon trap: reason=unstable_if action=reinterpret pc=0x00000177e49b2450 method=java.util.concurrent.ConcurrentHashMap.putVal(Ljava/lang/Object;Ljava/lang/Object;Z)Ljava/lang/Object; @ 148 c2
Event: 3.217 Thread 0x00000177d99243d0 DEOPT PACKING pc=0x00000177e49b2450 sp=0x00000034b25fe430
Event: 3.218 Thread 0x00000177d99243d0 DEOPT UNPACKING pc=0x00000177dcedd72e sp=0x00000034b25fe3b0 mode 2
Event: 3.463 Thread 0x00000177f74d5380 DEOPT PACKING pc=0x00000177dd492ee8 sp=0x00000034b3dfd510
Event: 3.463 Thread 0x00000177f74d5380 DEOPT UNPACKING pc=0x00000177dceddece sp=0x00000034b3dfc970 mode 0

Classes unloaded (0 events):
No events

Classes redefined (0 events):
No events

Internal exceptions (20 events):
Event: 2.648 Thread 0x00000177d99243d0 Exception <a 'java/lang/NoSuchMethodError'{0x000000074d550608}: 'int java.lang.invoke.DirectMethodHandle$Holder.invokeSpecial(java.lang.Object, java.lang.Object, java.lang.Object, java.lang.Object)'> (0x000000074d550608) 
thrown [t:\workspace\open\src\hotspot\share\interpreter\linkResolver.cpp, line 790]
Event: 2.763 Thread 0x00000177d99243d0 Exception <a 'java/lang/NoSuchMethodError'{0x000000074d2d0d88}: 'java.lang.Object java.lang.invoke.DirectMethodHandle$Holder.newInvokeSpecial(java.lang.Object, java.lang.Object, java.lang.Object, java.lang.Object, java.lang.Object, java.lang.Object)'> (0x000000074d2d0d88) 
thrown [t:\workspace\open\src\hotspot\share\interpreter\linkResolver.cpp, line 790]
Event: 2.825 Thread 0x00000177d99243d0 Exception <a 'java/lang/NoSuchMethodError'{0x000000074d384990}: 'java.lang.Object java.lang.invoke.DirectMethodHandle$Holder.invokeSpecial(java.lang.Object, java.lang.Object, java.lang.Object, java.lang.Object, java.lang.Object, java.lang.Object, int)'> (0x000000074d384990) 
thrown [t:\workspace\open\src\hotspot\share\interpreter\linkResolver.cpp, line 790]
Event: 2.827 Thread 0x00000177d99243d0 Exception <a 'java/lang/NoSuchMethodError'{0x000000074d38fae8}: 'java.lang.Object java.lang.invoke.DirectMethodHandle$Holder.newInvokeSpecial(java.lang.Object, java.lang.Object, java.lang.Object, java.lang.Object, java.lang.Object, java.lang.Object, int)'> (0x000000074d38fae8) 
thrown [t:\workspace\open\src\hotspot\share\interpreter\linkResolver.cpp, line 790]
Event: 2.829 Thread 0x00000177d99243d0 Exception <a 'java/lang/NoSuchMethodError'{0x000000074d394c40}: 'java.lang.Object java.lang.invoke.DirectMethodHandle$Holder.invokeSpecial(java.lang.Object, java.lang.Object, java.lang.Object, java.lang.Object, java.lang.Object, java.lang.Object, java.lang.Object, int)'> (0x000000074d394c40) 
thrown [t:\workspace\open\src\hotspot\share\interpreter\linkResolver.cpp, line 790]
Event: 2.908 Thread 0x00000177d99243d0 Exception <a 'java/lang/NoSuchMethodError'{0x000000074ceaf080}: 'int java.lang.invoke.DirectMethodHandle$Holder.invokeInterface(java.lang.Object, java.lang.Object)'> (0x000000074ceaf080) 
thrown [t:\workspace\open\src\hotspot\share\interpreter\linkResolver.cpp, line 790]
Event: 3.014 Thread 0x00000177d99243d0 Exception <a 'java/lang/NoSuchMethodError'{0x000000074cfba070}: 'java.lang.Object java.lang.invoke.DirectMethodHandle$Holder.invokeSpecial(java.lang.Object, java.lang.Object, java.lang.Object, int, java.lang.Object)'> (0x000000074cfba070) 
thrown [t:\workspace\open\src\hotspot\share\interpreter\linkResolver.cpp, line 790]
Event: 3.015 Thread 0x00000177d99243d0 Exception <a 'java/lang/NoSuchMethodError'{0x000000074cfc2ff0}: 'java.lang.Object java.lang.invoke.DirectMethodHandle$Holder.newInvokeSpecial(java.lang.Object, java.lang.Object, java.lang.Object, int, java.lang.Object)'> (0x000000074cfc2ff0) 
thrown [t:\workspace\open\src\hotspot\share\interpreter\linkResolver.cpp, line 790]
Event: 3.019 Thread 0x00000177d99243d0 Exception <a 'java/lang/NoSuchMethodError'{0x000000074cfda5c8}: 'java.lang.Object java.lang.invoke.DirectMethodHandle$Holder.newInvokeSpecial(java.lang.Object, int, java.lang.Object)'> (0x000000074cfda5c8) 
thrown [t:\workspace\open\src\hotspot\share\interpreter\linkResolver.cpp, line 790]
Event: 3.020 Thread 0x00000177d99243d0 Exception <a 'java/lang/NoSuchMethodError'{0x000000074cfdf3c8}: 'int java.lang.invoke.DirectMethodHandle$Holder.invokeSpecialIFC(java.lang.Object, java.lang.Object, java.lang.Object, java.lang.Object)'> (0x000000074cfdf3c8) 
thrown [t:\workspace\open\src\hotspot\share\interpreter\linkResolver.cpp, line 790]
Event: 3.061 Thread 0x00000177d99243d0 Exception <a 'java/lang/NoSuchMethodError'{0x000000074cc98310}: 'java.lang.Object java.lang.invoke.DirectMethodHandle$Holder.invokeInterface(java.lang.Object, java.lang.Object)'> (0x000000074cc98310) 
thrown [t:\workspace\open\src\hotspot\share\interpreter\linkResolver.cpp, line 790]
Event: 3.065 Thread 0x00000177d99243d0 Exception <a 'java/lang/NoSuchMethodError'{0x000000074cca9050}: 'void java.lang.invoke.DirectMethodHandle$Holder.invokeInterface(java.lang.Object, java.lang.Object, java.lang.Object)'> (0x000000074cca9050) 
thrown [t:\workspace\open\src\hotspot\share\interpreter\linkResolver.cpp, line 790]
Event: 3.141 Thread 0x00000177d99243d0 Exception <a 'java/lang/NoSuchMethodError'{0x000000074cd2be30}: 'void java.lang.invoke.DirectMethodHandle$Holder.invokeStatic(java.lang.Object, java.lang.Object)'> (0x000000074cd2be30) 
thrown [t:\workspace\open\src\hotspot\share\interpreter\linkResolver.cpp, line 790]
Event: 3.142 Thread 0x00000177d99243d0 Exception <a 'java/lang/NoSuchMethodError'{0x000000074cd2f838}: 'void java.lang.invoke.DirectMethodHandle$Holder.invokeStaticInit(java.lang.Object, java.lang.Object)'> (0x000000074cd2f838) 
thrown [t:\workspace\open\src\hotspot\share\interpreter\linkResolver.cpp, line 790]
Event: 3.146 Thread 0x00000177d99243d0 Exception <a 'java/lang/NoSuchMethodError'{0x000000074cd3c6c8}: 'void java.lang.invoke.DirectMethodHandle$Holder.invokeStaticInit(java.lang.Object, java.lang.Object, java.lang.Object)'> (0x000000074cd3c6c8) 
thrown [t:\workspace\open\src\hotspot\share\interpreter\linkResolver.cpp, line 790]
Event: 3.175 Thread 0x00000177d99243d0 Exception <a 'java/lang/NoSuchMethodError'{0x000000074cd66050}: 'java.lang.Object java.lang.invoke.DirectMethodHandle$Holder.invokeStaticInit(java.lang.Object, java.lang.Object, java.lang.Object)'> (0x000000074cd66050) 
thrown [t:\workspace\open\src\hotspot\share\interpreter\linkResolver.cpp, line 790]
Event: 3.280 Thread 0x00000177d99243d0 Exception <a 'java/lang/NoSuchMethodError'{0x000000074ca04008}: 'void java.lang.invoke.DirectMethodHandle$Holder.invokeVirtual(java.lang.Object, java.lang.Object, java.lang.Object, java.lang.Object)'> (0x000000074ca04008) 
thrown [t:\workspace\open\src\hotspot\share\interpreter\linkResolver.cpp, line 790]
Event: 3.401 Thread 0x00000177d99243d0 Exception <a 'java/lang/NoSuchMethodError'{0x000000074cb54be8}: 'void java.lang.invoke.DirectMethodHandle$Holder.invokeSpecial(java.lang.Object, java.lang.Object, java.lang.Object, java.lang.Object, java.lang.Object)'> (0x000000074cb54be8) 
thrown [t:\workspace\open\src\hotspot\share\interpreter\linkResolver.cpp, line 790]
Event: 3.420 Thread 0x00000177f74d5380 Exception <a 'java/lang/NoClassDefFoundError'{0x000000074cbd3420}: javax/validation/Validation> (0x000000074cbd3420) 
thrown [t:\workspace\open\src\hotspot\share\classfile\systemDictionary.cpp, line 245]
Event: 3.563 Thread 0x00000177f74d5380 Exception <a 'java/lang/NoSuchMethodError'{0x000000074c6ea4f0}: 'java.lang.Object java.lang.invoke.DirectMethodHandle$Holder.invokeStaticInit(java.lang.Object, java.lang.Object, java.lang.Object, java.lang.Object, java.lang.Object)'> (0x000000074c6ea4f0) 
thrown [t:\workspace\open\src\hotspot\share\interpreter\linkResolver.cpp, line 790]

Events (20 events):
Event: 3.562 loading class org/xml/sax/InputSource
Event: 3.562 loading class org/xml/sax/InputSource done
Event: 3.562 loading class sun/invoke/util/VerifyAccess$1
Event: 3.562 loading class sun/invoke/util/VerifyAccess$1 done
Event: 3.563 loading class javax/xml/stream/XMLResolver
Event: 3.563 loading class javax/xml/stream/XMLResolver done
Event: 3.564 loading class javax/xml/transform/dom/DOMSource
Event: 3.564 loading class javax/xml/transform/dom/DOMSource done
Event: 3.564 loading class javax/xml/transform/sax/SAXSource
Event: 3.565 loading class javax/xml/transform/sax/SAXSource done
Event: 3.565 loading class javax/xml/transform/stax/StAXSource
Event: 3.565 loading class javax/xml/transform/stax/StAXSource done
Event: 3.565 loading class javax/xml/transform/stream/StreamSource
Event: 3.565 loading class javax/xml/transform/stream/StreamSource done
Event: 3.565 loading class javax/xml/transform/TransformerFactory
Event: 3.566 loading class javax/xml/transform/TransformerFactory done
Event: 3.566 loading class javax/xml/transform/FactoryFinder
Event: 3.566 loading class javax/xml/transform/FactoryFinder done
Event: 3.566 loading class jdk/xml/internal/SecuritySupport
Event: 3.567 loading class jdk/xml/internal/SecuritySupport done


Dynamic libraries:
0x00007ff6cb120000 - 0x00007ff6cb12e000 	C:\Users\Bruno\.p2\pool\plugins\org.eclipse.justj.openjdk.hotspot.jre.full.win32.x86_64_16.0.1.v20210528-1205\jre\bin\javaw.exe
0x00007ffd9ae90000 - 0x00007ffd9b085000 	C:\WINDOWS\SYSTEM32\ntdll.dll
0x00007ffd9a4d0000 - 0x00007ffd9a58e000 	C:\WINDOWS\System32\KERNEL32.DLL
0x00007ffd989d0000 - 0x00007ffd98c98000 	C:\WINDOWS\System32\KERNELBASE.dll
0x00007ffd985b0000 - 0x00007ffd986b0000 	C:\WINDOWS\System32\ucrtbase.dll
0x00007ffd93f00000 - 0x00007ffd93f18000 	C:\Users\Bruno\.p2\pool\plugins\org.eclipse.justj.openjdk.hotspot.jre.full.win32.x86_64_16.0.1.v20210528-1205\jre\bin\jli.dll
0x00007ffd99820000 - 0x00007ffd999c1000 	C:\WINDOWS\System32\USER32.dll
0x00007ffd988c0000 - 0x00007ffd988e2000 	C:\WINDOWS\System32\win32u.dll
0x00007ffd99740000 - 0x00007ffd9976b000 	C:\WINDOWS\System32\GDI32.dll
0x00007ffd98dd0000 - 0x00007ffd98edb000 	C:\WINDOWS\System32\gdi32full.dll
0x00007ffd98d30000 - 0x00007ffd98dcd000 	C:\WINDOWS\System32\msvcp_win.dll
0x00007ffd72860000 - 0x00007ffd72879000 	C:\Users\Bruno\.p2\pool\plugins\org.eclipse.justj.openjdk.hotspot.jre.full.win32.x86_64_16.0.1.v20210528-1205\jre\bin\VCRUNTIME140.dll
0x00007ffd7de60000 - 0x00007ffd7e0fa000 	C:\WINDOWS\WinSxS\amd64_microsoft.windows.common-controls_6595b64144ccf1df_6.0.19041.1110_none_60b5254171f9507e\COMCTL32.dll
0x00007ffd99c20000 - 0x00007ffd99cbe000 	C:\WINDOWS\System32\msvcrt.dll
0x00007ffd98f70000 - 0x00007ffd98fa0000 	C:\WINDOWS\System32\IMM32.DLL
0x00007ffd8c750000 - 0x00007ffd8c75c000 	C:\Users\Bruno\.p2\pool\plugins\org.eclipse.justj.openjdk.hotspot.jre.full.win32.x86_64_16.0.1.v20210528-1205\jre\bin\vcruntime140_1.dll
0x00007ffd5ea60000 - 0x00007ffd5eaf1000 	C:\Users\Bruno\.p2\pool\plugins\org.eclipse.justj.openjdk.hotspot.jre.full.win32.x86_64_16.0.1.v20210528-1205\jre\bin\msvcp140.dll
0x00007ffd4d560000 - 0x00007ffd4e10b000 	C:\Users\Bruno\.p2\pool\plugins\org.eclipse.justj.openjdk.hotspot.jre.full.win32.x86_64_16.0.1.v20210528-1205\jre\bin\server\jvm.dll
0x00007ffd99770000 - 0x00007ffd9981c000 	C:\WINDOWS\System32\ADVAPI32.dll
0x00007ffd994d0000 - 0x00007ffd9956b000 	C:\WINDOWS\System32\sechost.dll
0x00007ffd99590000 - 0x00007ffd996ba000 	C:\WINDOWS\System32\RPCRT4.dll
0x00007ffd994c0000 - 0x00007ffd994c8000 	C:\WINDOWS\System32\PSAPI.DLL
0x00007ffd7eb70000 - 0x00007ffd7eb97000 	C:\WINDOWS\SYSTEM32\WINMM.dll
0x00007ffd7e510000 - 0x00007ffd7e519000 	C:\WINDOWS\SYSTEM32\WSOCK32.dll
0x00007ffd999d0000 - 0x00007ffd99a3b000 	C:\WINDOWS\System32\WS2_32.dll
0x00007ffd982f0000 - 0x00007ffd982fa000 	C:\WINDOWS\SYSTEM32\VERSION.dll
0x00007ffd96440000 - 0x00007ffd96452000 	C:\WINDOWS\SYSTEM32\kernel.appcore.dll
0x00007ffd94010000 - 0x00007ffd9401a000 	C:\Users\Bruno\.p2\pool\plugins\org.eclipse.justj.openjdk.hotspot.jre.full.win32.x86_64_16.0.1.v20210528-1205\jre\bin\jimage.dll
0x00007ffd85d50000 - 0x00007ffd85f34000 	C:\WINDOWS\SYSTEM32\DBGHELP.DLL
0x00007ffd85cf0000 - 0x00007ffd85d1c000 	C:\WINDOWS\SYSTEM32\dbgcore.DLL
0x00007ffd98ca0000 - 0x00007ffd98d23000 	C:\WINDOWS\System32\bcryptPrimitives.dll
0x00007ffd92fc0000 - 0x00007ffd92fe5000 	C:\Users\Bruno\.p2\pool\plugins\org.eclipse.justj.openjdk.hotspot.jre.full.win32.x86_64_16.0.1.v20210528-1205\jre\bin\java.dll
0x00007ffd93f60000 - 0x00007ffd93f78000 	C:\Users\Bruno\.p2\pool\plugins\org.eclipse.justj.openjdk.hotspot.jre.full.win32.x86_64_16.0.1.v20210528-1205\jre\bin\zip.dll
0x00007ffd9a660000 - 0x00007ffd9ad9f000 	C:\WINDOWS\System32\SHELL32.dll
0x00007ffd96640000 - 0x00007ffd96dd0000 	C:\WINDOWS\SYSTEM32\windows.storage.dll
0x00007ffd98fa0000 - 0x00007ffd992f5000 	C:\WINDOWS\System32\combase.dll
0x00007ffd97f90000 - 0x00007ffd97fbe000 	C:\WINDOWS\SYSTEM32\Wldp.dll
0x00007ffd99cc0000 - 0x00007ffd99d6d000 	C:\WINDOWS\System32\SHCORE.dll
0x00007ffd99dd0000 - 0x00007ffd99e25000 	C:\WINDOWS\System32\shlwapi.dll
0x00007ffd984f0000 - 0x00007ffd9850f000 	C:\WINDOWS\SYSTEM32\profapi.dll
0x00007ffd90800000 - 0x00007ffd90819000 	C:\Users\Bruno\.p2\pool\plugins\org.eclipse.justj.openjdk.hotspot.jre.full.win32.x86_64_16.0.1.v20210528-1205\jre\bin\net.dll
0x00007ffd8c640000 - 0x00007ffd8c74c000 	C:\WINDOWS\SYSTEM32\WINHTTP.dll
0x00007ffd97cf0000 - 0x00007ffd97d5a000 	C:\WINDOWS\system32\mswsock.dll
0x00007ffd90020000 - 0x00007ffd90033000 	C:\Users\Bruno\.p2\pool\plugins\org.eclipse.justj.openjdk.hotspot.jre.full.win32.x86_64_16.0.1.v20210528-1205\jre\bin\nio.dll
0x00007ffd93ef0000 - 0x00007ffd93f00000 	C:\Users\Bruno\.p2\pool\plugins\org.eclipse.justj.openjdk.hotspot.jre.full.win32.x86_64_16.0.1.v20210528-1205\jre\bin\verify.dll
0x00007ffd907f0000 - 0x00007ffd907f9000 	C:\Users\Bruno\.p2\pool\plugins\org.eclipse.justj.openjdk.hotspot.jre.full.win32.x86_64_16.0.1.v20210528-1205\jre\bin\management.dll
0x00007ffd8c7f0000 - 0x00007ffd8c7fb000 	C:\Users\Bruno\.p2\pool\plugins\org.eclipse.justj.openjdk.hotspot.jre.full.win32.x86_64_16.0.1.v20210528-1205\jre\bin\management_ext.dll
0x00007ffd72a40000 - 0x00007ffd72a57000 	C:\WINDOWS\system32\napinsp.dll
0x00007ffd72a20000 - 0x00007ffd72a3b000 	C:\WINDOWS\system32\pnrpnsp.dll
0x00007ffd906f0000 - 0x00007ffd90705000 	C:\WINDOWS\system32\wshbth.dll
0x00007ffd93ec0000 - 0x00007ffd93edd000 	C:\WINDOWS\system32\NLAapi.dll
0x00007ffd97970000 - 0x00007ffd979ab000 	C:\WINDOWS\SYSTEM32\IPHLPAPI.DLL
0x00007ffd979b0000 - 0x00007ffd97a7b000 	C:\WINDOWS\SYSTEM32\DNSAPI.dll
0x00007ffd994b0000 - 0x00007ffd994b8000 	C:\WINDOWS\System32\NSI.dll
0x00007ffd72a00000 - 0x00007ffd72a12000 	C:\WINDOWS\System32\winrnr.dll
0x00000000725e0000 - 0x0000000072606000 	C:\Program Files\Bonjour\mdnsNSP.dll
0x00007ffd89c60000 - 0x00007ffd89c6a000 	C:\Windows\System32\rasadhlp.dll
0x00007ffd899c0000 - 0x00007ffd89a3f000 	C:\WINDOWS\System32\fwpuclnt.dll
0x00007ffd988f0000 - 0x00007ffd98917000 	C:\WINDOWS\System32\bcrypt.dll

dbghelp: loaded successfully - version: 4.0.5 - missing functions: none
symbol engine: initialized successfully - sym options: 0x614 - pdb path: .;C:\Users\Bruno\.p2\pool\plugins\org.eclipse.justj.openjdk.hotspot.jre.full.win32.x86_64_16.0.1.v20210528-1205\jre\bin;C:\WINDOWS\SYSTEM32;C:\WINDOWS\WinSxS\amd64_microsoft.windows.common-controls_6595b64144ccf1df_6.0.19041.1110_none_60b5254171f9507e;C:\Users\Bruno\.p2\pool\plugins\org.eclipse.justj.openjdk.hotspot.jre.full.win32.x86_64_16.0.1.v20210528-1205\jre\bin\server;C:\Program Files\Bonjour

VM Arguments:
jvm_args: -Dfile.encoding=UTF-8 -XX:+ShowCodeDetailsInExceptionMessages 
java_command: br.com.bruno.locadora.LocadoraApplication
java_class_path (initial): C:\Users\Bruno\projetos\locadora_full\back\target\classes;C:\Users\Bruno\.m2\repository\org\springframework\boot\spring-boot-starter-data-jpa\2.5.6\spring-boot-starter-data-jpa-2.5.6.jar;C:\Users\Bruno\.m2\repository\org\springframework\boot\spring-boot-starter-aop\2.5.6\spring-boot-starter-aop-2.5.6.jar;C:\Users\Bruno\.m2\repository\org\springframework\spring-aop\5.3.12\spring-aop-5.3.12.jar;C:\Users\Bruno\.m2\repository\org\aspectj\aspectjweaver\1.9.7\aspectjweaver-1.9.7.jar;C:\Users\Bruno\.m2\repository\org\springframework\boot\spring-boot-starter-jdbc\2.5.6\spring-boot-starter-jdbc-2.5.6.jar;C:\Users\Bruno\.m2\repository\com\zaxxer\HikariCP\4.0.3\HikariCP-4.0.3.jar;C:\Users\Bruno\.m2\repository\org\springframework\spring-jdbc\5.3.12\spring-jdbc-5.3.12.jar;C:\Users\Bruno\.m2\repository\jakarta\transaction\jakarta.transaction-api\1.3.3\jakarta.transaction-api-1.3.3.jar;C:\Users\Bruno\.m2\repository\jakarta\persistence\jakarta.persistence-api\2.2.3\jakarta.persistence-api-2.2.3.jar;C:\Users\Bruno\.m2\repository\org\hibernate\hibernate-core\5.4.32.Final\hibernate-core-5.4.32.Final.jar;C:\Users\Bruno\.m2\repository\org\jboss\logging\jboss-logging\3.4.2.Final\jboss-logging-3.4.2.Final.jar;C:\Users\Bruno\.m2\repository\org\javassist\javassist\3.27.0-GA\javassist-3.27.0-GA.jar;C:\Users\Bruno\.m2\repository\net\bytebuddy\byte-buddy\1.10.22\byte-buddy-1.10.22.jar;C:\Users\Bruno\.m2\repository\antlr\antlr\2.7.7\antlr-2.7.7.jar;C:\Users\Bruno\.m2\repository\org\jboss\jandex\2.2.3.Final\jandex-2.2.3.Final.jar;C:\Users\Bruno\.m2\repository\com\fasterxml\classmate\1.5.1\classmate-1.5.1.jar;C:\Users\Bruno\.m2\repository\org\dom4j\dom4j\2.1.3\dom4j-2.1.3.jar;C:\Users\Bruno\.m2\repository\org\hibernate\common\hibernate-commons-annotations\5.1.2.Final\hibernate-commons-annotations-5.1.2.Final.jar;C:\Users\Bruno\.m2\repository\org\glassfish\jaxb\jaxb-runtime\2.3.5\jaxb-runtime-2.3.5.jar;C:\Users\Bruno\.m2\repository\org\glassfish\jaxb\txw2\2.3.5\txw2-2.
Launcher Type: SUN_STANDARD

[Global flags]
     intx CICompilerCount                          = 3                                         {product} {ergonomic}
     uint ConcGCThreads                            = 1                                         {product} {ergonomic}
     uint G1ConcRefinementThreads                  = 4                                         {product} {ergonomic}
   size_t G1HeapRegionSize                         = 2097152                                   {product} {ergonomic}
    uintx GCDrainStackTargetSize                   = 64                                        {product} {ergonomic}
   size_t InitialHeapSize                          = 201326592                                 {product} {ergonomic}
   size_t MarkStackSize                            = 4194304                                   {product} {ergonomic}
   size_t MaxHeapSize                              = 3196059648                                {product} {ergonomic}
   size_t MaxNewSize                               = 1916796928                                {product} {ergonomic}
   size_t MinHeapDeltaBytes                        = 2097152                                   {product} {ergonomic}
   size_t MinHeapSize                              = 8388608                                   {product} {ergonomic}
    uintx NonNMethodCodeHeapSize                   = 5832780                                {pd product} {ergonomic}
    uintx NonProfiledCodeHeapSize                  = 122912730                              {pd product} {ergonomic}
    uintx ProfiledCodeHeapSize                     = 122912730                              {pd product} {ergonomic}
    uintx ReservedCodeCacheSize                    = 251658240                              {pd product} {ergonomic}
     bool SegmentedCodeCache                       = true                                      {product} {ergonomic}
     bool ShowCodeDetailsInExceptionMessages       = true                                   {manageable} {command line}
   size_t SoftMaxHeapSize                          = 3196059648                             {manageable} {ergonomic}
     bool UseCompressedClassPointers               = true                           {product lp64_product} {ergonomic}
     bool UseCompressedOops                        = true                           {product lp64_product} {ergonomic}
     bool UseG1GC                                  = true                                      {product} {ergonomic}
     bool UseLargePagesIndividualAllocation        = false                                  {pd product} {ergonomic}

Logging:
Log output configuration:
 #0: stdout all=warning uptime,level,tags
 #1: stderr all=off uptime,level,tags

Environment Variables:
JAVA_HOME=C:\Program Files\Java\jdk-10.0.2
PATH=C:/Users/Bruno/.p2/pool/plugins/org.eclipse.justj.openjdk.hotspot.jre.full.win32.x86_64_16.0.1.v20210528-1205/jre/bin/server;C:/Users/Bruno/.p2/pool/plugins/org.eclipse.justj.openjdk.hotspot.jre.full.win32.x86_64_16.0.1.v20210528-1205/jre/bin;C:\app\Bruno\product\18.0.0\dbhomeXE\bin;C:\Program Files (x86)\NVIDIA Corporation\PhysX\Common;C:\ProgramData\Oracle\Java\javapath;C:\Program Files (x86)\Common Files\Oracle\Java\javapath;C:\WINDOWS\system32;C:\WINDOWS;C:\WINDOWS\System32\Wbem;C:\WINDOWS\System32\WindowsPowerShell\v1.0\;C:\WINDOWS\System32\OpenSSH\;C:\Users\Bruno\Downloads\Documentos\apache-maven-3.6.3-bin\apache-maven-3.6.3\bin;C:\Program Files\Java\jdk-10.0.2\bin;C:\Program Files\Microsoft SQL Server\Client SDK\ODBC\110\Tools\Binn\;C:\Program Files (x86)\Microsoft SQL Server\120\Tools\Binn\;C:\Program Files\Microsoft SQL Server\120\Tools\Binn\;C:\Program Files\Microsoft SQL Server\120\DTS\Binn\;C:\Program Files (x86)\Windows Kits\8.1\Windows Performance Toolkit\;C:\Program Files\Git\cmd;C:\Program Files\nodejs\;C:\Program Files\MySQL\MySQL Shell 8.0\bin\;C:\Ruby27-x64\bin;C:\Users\Bruno\AppData\Local\Programs\Python\Python38-32\Scripts\;C:\Users\Bruno\AppData\Local\Programs\Python\Python38-32\;C:\Users\Bruno\AppData\Local\Microsoft\WindowsApps;C:\Users\Bruno\AppData\Local\Programs\Microsoft VS Code\bin;C:\Program Files (x86)\Sophos\Sophos SSL VPN Client\bin;C:\Users\Bruno\AppData\Local\GitHubDesktop\bin;C:\Users\Bruno\AppData\Roaming\npm;C:\Users\Bruno\Desktop;
USERNAME=Bruno
OS=Windows_NT
PROCESSOR_IDENTIFIER=Intel64 Family 6 Model 58 Stepping 9, GenuineIntel



---------------  S Y S T E M  ---------------

OS:
 Windows 10 , 64 bit Build 19041 (10.0.19041.1348)
OS uptime: 0 days 6:51 hours

CPU: total 4 (initial active 4) (2 cores per cpu, 2 threads per core) family 6 model 58 stepping 9 microcode 0x21, cx8, cmov, fxsr, ht, mmx, sse, sse2, sse3, ssse3, sse4.1, sse4.2, popcnt, tsc, tscinvbit, avx, aes, erms, clmul, vzeroupper, clflush

Memory: 4k page, system-wide physical 12185M (2780M free)
TotalPageFile size 15385M (AvailPageFile size 196M)
current process WorkingSet (physical memory assigned to process): 87M, peak: 87M
current process commit charge ("private bytes"): 291M, peak: 291M

vm_info: OpenJDK 64-Bit Server VM (16.0.1+9-24) for windows-amd64 JRE (16.0.1+9-24), built on Mar 26 2021 19:30:07 by "mach5one" with MS VC++ 16.7 (VS2019)

END.
